<?xml version="1.0" encoding="UTF-8"?>
<!-- Generated by org.testng.reporters.JUnitXMLReporter -->
<testsuite ignored="0" hostname="DESKTOP-1OCJ08H" failures="0" tests="14" name="Test4" time="0.494" errors="0" timestamp="2025-12-10T16:36:42 EET">
  <testcase classname="findelements.Task2" name="SignUp" time="0.0">
    <skipped/>
  </testcase> <!-- SignUp -->
  <testcase classname="findelements.Task2" name="Logout" time="0.0">
    <skipped/>
  </testcase> <!-- Logout -->
  <testcase classname="findelements.Task2" name="Login" time="0.0">
    <skipped/>
  </testcase> <!-- Login -->
  <testcase classname="findelements.Task2" name="DeleteAccount" time="0.0">
    <skipped/>
  </testcase> <!-- DeleteAccount -->
  <testcase classname="findelements.find" name="addandremovecart" time="0.0">
    <skipped/>
  </testcase> <!-- addandremovecart -->
  <testcase classname="findelements.find" name="addandremovecart" time="0.0">
    <skipped/>
  </testcase> <!-- addandremovecart -->
  <testcase classname="findelements.find" name="addandremovecart" time="0.0">
    <skipped/>
  </testcase> <!-- addandremovecart -->
  <testcase classname="findelements.find" name="addandremovecart" time="0.001">
    <skipped/>
  </testcase> <!-- addandremovecart -->
  <testcase classname="findelements.find" name="addandremovecart" time="0.0">
    <skipped/>
  </testcase> <!-- addandremovecart -->
  <testcase classname="findelements.find" name="addandremovecart" time="0.0">
    <skipped/>
  </testcase> <!-- addandremovecart -->
  <testcase classname="findelements.find" name="addandremovecart" time="0.0">
    <skipped/>
  </testcase> <!-- addandremovecart -->
  <testcase classname="findelements.find" name="addandremovecart" time="0.0">
    <skipped/>
  </testcase> <!-- addandremovecart -->
  <testcase classname="findelements.find" name="addandremovecart" time="0.0">
    <skipped/>
  </testcase> <!-- addandremovecart -->
  <testcase classname="findelements.find" name="addandremovecart" time="0.0">
    <skipped/>
  </testcase> <!-- addandremovecart -->
</testsuite> <!-- Test4 -->
