<?xml version="1.0" encoding="UTF-8"?>
<!-- Generated by org.testng.reporters.JUnitXMLReporter -->
<testsuite ignored="0" hostname="DESKTOP-1OCJ08H" failures="0" tests="14" name="Test2" time="57.756" errors="0" timestamp="2025-12-10T16:36:15 EET">
  <testcase classname="findelements.Task2" name="SignUp" time="15.342"/>
  <testcase classname="findelements.Task2" name="Logout" time="1.041"/>
  <testcase classname="findelements.Task2" name="Login" time="4.045"/>
  <testcase classname="findelements.Task2" name="DeleteAccount" time="4.99"/>
  <testcase classname="findelements.find" name="addandremovecart" time="5.56"/>
  <testcase classname="findelements.find" name="addandremovecart" time="2.432"/>
  <testcase classname="findelements.find" name="addandremovecart" time="2.338"/>
  <testcase classname="findelements.find" name="addandremovecart" time="2.586"/>
  <testcase classname="findelements.find" name="addandremovecart" time="2.592"/>
  <testcase classname="findelements.find" name="addandremovecart" time="2.379"/>
  <testcase classname="findelements.find" name="addandremovecart" time="1.971"/>
  <testcase classname="findelements.find" name="addandremovecart" time="2.389"/>
  <testcase classname="findelements.find" name="addandremovecart" time="2.421"/>
  <testcase classname="findelements.find" name="addandremovecart" time="2.554"/>
</testsuite> <!-- Test2 -->
