<?xml version="1.0" encoding="UTF-8"?>
<testng-results ignored="0" total="1" passed="1" failed="0" skipped="0">
  <reporter-output>
  </reporter-output>
  <suite started-at="2025-12-30T11:40:15 EET" name="Default suite" finished-at="2025-12-30T11:40:53 EET" duration-ms="38637">
    <groups>
    </groups>
    <test started-at="2025-12-30T11:40:15 EET" name="Default test" finished-at="2025-12-30T11:40:53 EET" duration-ms="38637">
      <class name="findelements.find">
        <test-method is-config="true" signature="mysetup()[pri:0, instance:findelements.find@49872d67]" started-at="2025-12-30T11:40:15 EET" name="mysetup" finished-at="2025-12-30T11:40:16 EET" duration-ms="935" status="PASS">
          <reporter-output>
          </reporter-output>
        </test-method> <!-- mysetup -->
        <test-method signature="addandremovecart()[pri:0, instance:findelements.find@49872d67]" started-at="2025-12-30T11:40:16 EET" name="addandremovecart" finished-at="2025-12-30T11:40:53 EET" duration-ms="37660" status="PASS">
          <reporter-output>
          </reporter-output>
        </test-method> <!-- addandremovecart -->
        <test-method is-config="true" signature="AfterFinishingTest()[pri:0, instance:findelements.find@49872d67]" started-at="2025-12-30T11:40:53 EET" name="AfterFinishingTest" finished-at="2025-12-30T11:40:53 EET" duration-ms="1" status="PASS">
          <reporter-output>
          </reporter-output>
        </test-method> <!-- AfterFinishingTest -->
      </class> <!-- findelements.find -->
    </test> <!-- Default test -->
  </suite> <!-- Default suite -->
</testng-results>
